INFO:DiseaseClassifierLogger:yaml file: config\config.yaml loaded successfully
INFO:DiseaseClassifierLogger:yaml file: params.yaml loaded successfully
INFO:DiseaseClassifierLogger:created directory at: artifacts
INFO:DiseaseClassifierLogger:created directory at: artifacts/data_ingestion
INFO:DiseaseClassifierLogger:Downloading data from https://drive.google.com/file/d/1dQiaTXfPO7N80xj5qEIFM6JSYEG6YSOD/view?usp=sharing\ into file artifacts/data_ingestion/data.zip
INFO:DiseaseClassifierLogger:Downloaded data from https://drive.google.com/file/d/1dQiaTXfPO7N80xj5qEIFM6JSYEG6YSOD/view?usp=sharing\ into file artifacts/data_ingestion/data.zip
INFO:DiseaseClassifierLogger:Extracting zip files to artifacts/data_ingestion
INFO:DiseaseClassifierLogger:Extracted all the files to artifacts/data_ingestion
[2025-05-18 16:35:33,793: INFO: main: >>>>>>>> stage Data Ingestion stage started <<<<<<<]
[2025-05-18 16:35:33,800: INFO: common: yaml file: config\config.yaml loaded successfully]
[2025-05-18 16:35:33,806: INFO: common: yaml file: params.yaml loaded successfully]
[2025-05-18 16:35:33,806: INFO: common: created directory at: artifacts]
[2025-05-18 16:35:33,806: INFO: common: created directory at: artifacts/data_ingestion]
[2025-05-18 16:35:33,807: INFO: data_ingestion: Downloading data from https://drive.google.com/file/d/1dQiaTXfPO7N80xj5qEIFM6JSYEG6YSOD/view?usp=sharing\ into file artifacts/data_ingestion/data.zip]
[2025-05-18 16:37:01,140: INFO: data_ingestion: Downloaded data from https://drive.google.com/file/d/1dQiaTXfPO7N80xj5qEIFM6JSYEG6YSOD/view?usp=sharing\ into file artifacts/data_ingestion/data.zip]
[2025-05-18 16:37:01,141: INFO: data_ingestion: Extracting zip files to artifacts/data_ingestion]
[2025-05-18 16:37:15,292: INFO: data_ingestion: Extracted all the files to artifacts/data_ingestion]
[2025-05-18 16:37:15,294: INFO: main: >>>>>>>> stage Data Ingestion stage completed <<<<<<<

x================x]
[2025-05-18 19:26:10,008: INFO: common: yaml file: config\config.yaml loaded successfully]
[2025-05-18 19:26:10,038: INFO: common: yaml file: params.yaml loaded successfully]
[2025-05-18 19:26:10,042: INFO: common: created directory at: artifacts]
[2025-05-18 19:28:22,011: INFO: common: yaml file: config\config.yaml loaded successfully]
[2025-05-18 19:28:22,018: INFO: common: yaml file: params.yaml loaded successfully]
[2025-05-18 19:28:22,019: INFO: common: created directory at: artifacts]
[2025-05-18 19:29:02,234: INFO: common: yaml file: config\config.yaml loaded successfully]
[2025-05-18 19:29:02,238: INFO: common: yaml file: params.yaml loaded successfully]
[2025-05-18 19:29:02,242: INFO: common: created directory at: artifacts]
[2025-05-18 19:32:46,525: INFO: common: yaml file: config\config.yaml loaded successfully]
[2025-05-18 19:32:46,532: INFO: common: yaml file: params.yaml loaded successfully]
[2025-05-18 19:32:46,535: INFO: common: created directory at: artifacts]
[2025-05-18 19:32:53,458: INFO: common: yaml file: config\config.yaml loaded successfully]
[2025-05-18 19:32:53,463: INFO: common: yaml file: params.yaml loaded successfully]
[2025-05-18 19:32:53,465: INFO: common: created directory at: artifacts]
[2025-05-18 19:33:30,655: WARNING: module_wrapper: From f:\DATA SCIENCE\Projects\Kidney_Disease DL\venv\lib\site-packages\keras\src\losses.py:2976: The name tf.losses.sparse_softmax_cross_entropy is deprecated. Please use tf.compat.v1.losses.sparse_softmax_cross_entropy instead.
]
[2025-05-18 19:33:32,548: INFO: common: yaml file: config\config.yaml loaded successfully]
[2025-05-18 19:33:32,552: INFO: common: yaml file: params.yaml loaded successfully]
[2025-05-18 19:33:32,558: INFO: common: created directory at: artifacts]
[2025-05-18 19:36:12,665: INFO: common: yaml file: config\config.yaml loaded successfully]
[2025-05-18 19:36:12,670: INFO: common: yaml file: params.yaml loaded successfully]
[2025-05-18 19:36:12,672: INFO: common: created directory at: artifacts]
[2025-05-18 19:36:12,949: WARNING: module_wrapper: From f:\DATA SCIENCE\Projects\Kidney_Disease DL\venv\lib\site-packages\keras\src\backend.py:1398: The name tf.executing_eagerly_outside_functions is deprecated. Please use tf.compat.v1.executing_eagerly_outside_functions instead.
]
[2025-05-18 19:36:13,359: WARNING: module_wrapper: From f:\DATA SCIENCE\Projects\Kidney_Disease DL\venv\lib\site-packages\keras\src\layers\pooling\max_pooling2d.py:161: The name tf.nn.max_pool is deprecated. Please use tf.nn.max_pool2d instead.
]
[2025-05-18 19:36:28,133: WARNING: saving_utils: Compiled the loaded model, but the compiled metrics have yet to be built. `model.compile_metrics` will be empty until you train or evaluate the model.]
[2025-05-18 19:43:27,759: INFO: common: yaml file: config\config.yaml loaded successfully]
[2025-05-18 19:43:27,764: INFO: common: yaml file: params.yaml loaded successfully]
[2025-05-18 19:43:27,766: INFO: common: created directory at: artifacts]
[2025-05-18 19:43:28,482: WARNING: saving_utils: Compiled the loaded model, but the compiled metrics have yet to be built. `model.compile_metrics` will be empty until you train or evaluate the model.]
[2025-05-18 19:45:23,402: INFO: common: yaml file: config\config.yaml loaded successfully]
[2025-05-18 19:45:23,408: INFO: common: yaml file: params.yaml loaded successfully]
[2025-05-18 19:45:23,410: INFO: common: created directory at: artifacts]
[2025-05-18 19:45:24,030: WARNING: saving_utils: Compiled the loaded model, but the compiled metrics have yet to be built. `model.compile_metrics` will be empty until you train or evaluate the model.]
[2025-05-18 21:12:27,881: WARNING: module_wrapper: From f:\DATA SCIENCE\Projects\Kidney_Disease DL\venv\lib\site-packages\keras\src\losses.py:2976: The name tf.losses.sparse_softmax_cross_entropy is deprecated. Please use tf.compat.v1.losses.sparse_softmax_cross_entropy instead.
]
[2025-05-18 21:12:29,914: INFO: main: >>>>>>>> stage Data Ingestion stage started <<<<<<<]
[2025-05-18 21:12:29,918: INFO: common: yaml file: config\config.yaml loaded successfully]
[2025-05-18 21:12:29,922: INFO: common: yaml file: params.yaml loaded successfully]
[2025-05-18 21:12:29,922: INFO: common: created directory at: artifacts]
[2025-05-18 21:12:29,924: INFO: common: created directory at: artifacts/data_ingestion]
[2025-05-18 21:12:29,924: INFO: data_ingestion: Downloading data from https://drive.google.com/file/d/1dQiaTXfPO7N80xj5qEIFM6JSYEG6YSOD/view?usp=sharing\ into file artifacts/data_ingestion/data.zip]
[2025-05-18 21:13:54,606: INFO: data_ingestion: Downloaded data from https://drive.google.com/file/d/1dQiaTXfPO7N80xj5qEIFM6JSYEG6YSOD/view?usp=sharing\ into file artifacts/data_ingestion/data.zip]
[2025-05-18 21:13:54,607: INFO: data_ingestion: Extracting zip files to artifacts/data_ingestion]
[2025-05-18 21:14:14,927: INFO: data_ingestion: Extracted all the files to artifacts/data_ingestion]
[2025-05-18 21:14:14,931: INFO: main: >>>>>>>> stage Data Ingestion stage completed <<<<<<<

x================x]
[2025-05-18 21:14:14,931: INFO: main: >>>>>>>> stage Prepare base model started <<<<<<<]
[2025-05-18 21:14:14,931: INFO: common: yaml file: config\config.yaml loaded successfully]
[2025-05-18 21:14:14,937: INFO: common: yaml file: params.yaml loaded successfully]
[2025-05-18 21:14:14,937: INFO: common: created directory at: artifacts]
[2025-05-18 22:02:18,810: WARNING: module_wrapper: From f:\DATA SCIENCE\Projects\Kidney_Disease DL\venv\lib\site-packages\keras\src\losses.py:2976: The name tf.losses.sparse_softmax_cross_entropy is deprecated. Please use tf.compat.v1.losses.sparse_softmax_cross_entropy instead.
]
[2025-05-18 22:02:19,832: INFO: main: >>>>>>>> stage Data Ingestion stage started <<<<<<<]
[2025-05-18 22:02:19,833: INFO: common: yaml file: config\config.yaml loaded successfully]
[2025-05-18 22:02:19,836: INFO: common: yaml file: params.yaml loaded successfully]
[2025-05-18 22:02:19,837: INFO: common: created directory at: artifacts]
[2025-05-18 22:02:19,837: INFO: common: created directory at: artifacts/data_ingestion]
[2025-05-18 22:02:19,837: INFO: data_ingestion: Downloading data from https://drive.google.com/file/d/1dQiaTXfPO7N80xj5qEIFM6JSYEG6YSOD/view?usp=sharing\ into file artifacts/data_ingestion/data.zip]
[2025-05-18 22:03:48,871: INFO: data_ingestion: Downloaded data from https://drive.google.com/file/d/1dQiaTXfPO7N80xj5qEIFM6JSYEG6YSOD/view?usp=sharing\ into file artifacts/data_ingestion/data.zip]
[2025-05-18 22:03:48,872: INFO: data_ingestion: Extracting zip files to artifacts/data_ingestion]
[2025-05-18 22:04:03,116: INFO: data_ingestion: Extracted all the files to artifacts/data_ingestion]
[2025-05-18 22:04:03,118: INFO: main: >>>>>>>> stage Data Ingestion stage completed <<<<<<<

x================x]
[2025-05-18 22:04:03,119: INFO: main: >>>>>>>> stage Prepare base model started <<<<<<<]
[2025-05-18 22:04:03,120: INFO: common: yaml file: config\config.yaml loaded successfully]
[2025-05-18 22:04:03,122: INFO: common: yaml file: params.yaml loaded successfully]
[2025-05-18 22:04:03,122: INFO: common: created directory at: artifacts]
[2025-05-18 22:04:03,326: WARNING: module_wrapper: From f:\DATA SCIENCE\Projects\Kidney_Disease DL\venv\lib\site-packages\keras\src\backend.py:1398: The name tf.executing_eagerly_outside_functions is deprecated. Please use tf.compat.v1.executing_eagerly_outside_functions instead.
]
[2025-05-18 22:04:03,468: WARNING: module_wrapper: From f:\DATA SCIENCE\Projects\Kidney_Disease DL\venv\lib\site-packages\keras\src\layers\pooling\max_pooling2d.py:161: The name tf.nn.max_pool is deprecated. Please use tf.nn.max_pool2d instead.
]
[2025-05-18 22:04:04,018: WARNING: saving_utils: Compiled the loaded model, but the compiled metrics have yet to be built. `model.compile_metrics` will be empty until you train or evaluate the model.]
[2025-05-18 22:04:05,558: INFO: main: >>>>>>>> stage Prepare base model completed <<<<<<<

x==========================x]
[2025-05-19 20:41:32,608: WARNING: module_wrapper: From f:\DATA SCIENCE\Projects\Kidney_Disease DL\venv\lib\site-packages\keras\src\losses.py:2976: The name tf.losses.sparse_softmax_cross_entropy is deprecated. Please use tf.compat.v1.losses.sparse_softmax_cross_entropy instead.
]
[2025-05-20 20:36:40,550: INFO: common: yaml file: config\config.yaml loaded successfully]
[2025-05-20 20:36:40,573: INFO: common: yaml file: params.yaml loaded successfully]
[2025-05-20 20:36:40,578: INFO: common: created directory at: artifacts]
[2025-05-20 20:36:40,581: INFO: common: created directory at: artifacts\training]
[2025-05-20 20:36:41,567: WARNING: module_wrapper: From f:\DATA SCIENCE\Projects\Kidney_Disease DL\venv\lib\site-packages\keras\src\backend.py:1398: The name tf.executing_eagerly_outside_functions is deprecated. Please use tf.compat.v1.executing_eagerly_outside_functions instead.
]
[2025-05-20 20:36:41,664: WARNING: module_wrapper: From f:\DATA SCIENCE\Projects\Kidney_Disease DL\venv\lib\site-packages\keras\src\layers\pooling\max_pooling2d.py:161: The name tf.nn.max_pool is deprecated. Please use tf.nn.max_pool2d instead.
]
[2025-05-20 20:37:35,236: INFO: common: yaml file: config\config.yaml loaded successfully]
[2025-05-20 20:37:35,238: INFO: common: yaml file: params.yaml loaded successfully]
[2025-05-20 20:37:35,239: INFO: common: created directory at: artifacts]
[2025-05-20 20:37:35,240: INFO: common: created directory at: artifacts\training]
[2025-05-20 20:38:10,839: INFO: common: yaml file: config\config.yaml loaded successfully]
[2025-05-20 20:38:10,841: INFO: common: yaml file: params.yaml loaded successfully]
[2025-05-20 20:38:10,842: INFO: common: created directory at: artifacts]
[2025-05-20 20:38:10,843: INFO: common: created directory at: artifacts\training]
[2025-05-20 20:38:12,802: WARNING: module_wrapper: From f:\DATA SCIENCE\Projects\Kidney_Disease DL\venv\lib\site-packages\keras\src\utils\tf_utils.py:492: The name tf.ragged.RaggedTensorValue is deprecated. Please use tf.compat.v1.ragged.RaggedTensorValue instead.
]
[2025-05-20 23:33:16,723: WARNING: module_wrapper: From f:\DATA SCIENCE\Projects\Kidney_Disease DL\venv\lib\site-packages\keras\src\losses.py:2976: The name tf.losses.sparse_softmax_cross_entropy is deprecated. Please use tf.compat.v1.losses.sparse_softmax_cross_entropy instead.
]
[2025-05-20 23:33:19,235: INFO: main: >>>>>>>> stage Data Ingestion stage started <<<<<<<]
[2025-05-20 23:33:19,248: INFO: common: yaml file: config\config.yaml loaded successfully]
[2025-05-20 23:33:19,252: INFO: common: yaml file: params.yaml loaded successfully]
[2025-05-20 23:33:19,252: INFO: common: created directory at: artifacts]
[2025-05-20 23:33:19,254: INFO: common: created directory at: artifacts/data_ingestion]
[2025-05-20 23:33:19,254: INFO: data_ingestion: Downloading data from https://drive.google.com/file/d/1dQiaTXfPO7N80xj5qEIFM6JSYEG6YSOD/view?usp=sharing\ into file artifacts/data_ingestion/data.zip]
[2025-05-20 23:34:46,976: INFO: data_ingestion: Downloaded data from https://drive.google.com/file/d/1dQiaTXfPO7N80xj5qEIFM6JSYEG6YSOD/view?usp=sharing\ into file artifacts/data_ingestion/data.zip]
[2025-05-20 23:34:46,977: INFO: data_ingestion: Extracting zip files to artifacts/data_ingestion]
[2025-05-20 23:35:02,221: INFO: data_ingestion: Extracted all the files to artifacts/data_ingestion]
[2025-05-20 23:35:02,222: INFO: main: >>>>>>>> stage Data Ingestion stage completed <<<<<<<

x================x]
[2025-05-20 23:35:02,223: INFO: main: >>>>>>>> stage Prepare base model started <<<<<<<]
[2025-05-20 23:35:02,224: INFO: common: yaml file: config\config.yaml loaded successfully]
[2025-05-20 23:35:02,226: INFO: common: yaml file: params.yaml loaded successfully]
[2025-05-20 23:35:02,226: INFO: common: created directory at: artifacts]
[2025-05-20 23:35:02,498: WARNING: module_wrapper: From f:\DATA SCIENCE\Projects\Kidney_Disease DL\venv\lib\site-packages\keras\src\backend.py:1398: The name tf.executing_eagerly_outside_functions is deprecated. Please use tf.compat.v1.executing_eagerly_outside_functions instead.
]
[2025-05-20 23:35:02,641: WARNING: module_wrapper: From f:\DATA SCIENCE\Projects\Kidney_Disease DL\venv\lib\site-packages\keras\src\layers\pooling\max_pooling2d.py:161: The name tf.nn.max_pool is deprecated. Please use tf.nn.max_pool2d instead.
]
[2025-05-20 23:35:03,190: WARNING: saving_utils: Compiled the loaded model, but the compiled metrics have yet to be built. `model.compile_metrics` will be empty until you train or evaluate the model.]
[2025-05-20 23:35:04,275: INFO: main: >>>>>>>> stage Prepare base model completed <<<<<<<

x==========================x]
[2025-05-20 23:35:04,275: INFO: main: **********************]
[2025-05-20 23:35:04,275: INFO: main: >>>>>>>> stage Training started <<<<<<<]
[2025-05-20 23:35:04,277: INFO: common: yaml file: config\config.yaml loaded successfully]
[2025-05-20 23:35:04,278: INFO: common: yaml file: params.yaml loaded successfully]
[2025-05-20 23:35:04,278: INFO: common: created directory at: artifacts]
[2025-05-20 23:35:04,278: INFO: common: created directory at: artifacts\training]
[2025-05-20 23:35:06,486: WARNING: module_wrapper: From f:\DATA SCIENCE\Projects\Kidney_Disease DL\venv\lib\site-packages\keras\src\utils\tf_utils.py:492: The name tf.ragged.RaggedTensorValue is deprecated. Please use tf.compat.v1.ragged.RaggedTensorValue instead.
]
[2025-05-21 20:47:47,075: WARNING: module_wrapper: From f:\DATA SCIENCE\Projects\Kidney_Disease DL\venv\lib\site-packages\keras\src\losses.py:2976: The name tf.losses.sparse_softmax_cross_entropy is deprecated. Please use tf.compat.v1.losses.sparse_softmax_cross_entropy instead.
]
[2025-05-21 20:47:48,803: INFO: main: >>>>>>>> stage Data Ingestion stage started <<<<<<<]
[2025-05-21 20:47:48,804: INFO: common: yaml file: config\config.yaml loaded successfully]
[2025-05-21 20:47:48,809: INFO: common: yaml file: params.yaml loaded successfully]
[2025-05-21 20:47:48,809: INFO: common: created directory at: artifacts]
[2025-05-21 20:47:48,809: INFO: common: created directory at: artifacts/data_ingestion]
[2025-05-21 20:47:48,809: INFO: data_ingestion: Downloading data from https://drive.google.com/file/d/1dQiaTXfPO7N80xj5qEIFM6JSYEG6YSOD/view?usp=sharing\ into file artifacts/data_ingestion/data.zip]
[2025-05-21 20:49:15,668: INFO: data_ingestion: Downloaded data from https://drive.google.com/file/d/1dQiaTXfPO7N80xj5qEIFM6JSYEG6YSOD/view?usp=sharing\ into file artifacts/data_ingestion/data.zip]
[2025-05-21 20:49:15,670: INFO: data_ingestion: Extracting zip files to artifacts/data_ingestion]
[2025-05-21 20:49:39,106: INFO: data_ingestion: Extracted all the files to artifacts/data_ingestion]
[2025-05-21 20:49:39,114: INFO: main: >>>>>>>> stage Data Ingestion stage completed <<<<<<<

x================x]
[2025-05-21 20:49:39,115: INFO: main: >>>>>>>> stage Prepare base model started <<<<<<<]
[2025-05-21 20:49:39,128: INFO: common: yaml file: config\config.yaml loaded successfully]
[2025-05-21 20:49:39,132: INFO: common: yaml file: params.yaml loaded successfully]
[2025-05-21 20:49:39,134: INFO: common: created directory at: artifacts]
[2025-05-21 20:49:39,900: WARNING: module_wrapper: From f:\DATA SCIENCE\Projects\Kidney_Disease DL\venv\lib\site-packages\keras\src\backend.py:1398: The name tf.executing_eagerly_outside_functions is deprecated. Please use tf.compat.v1.executing_eagerly_outside_functions instead.
]
[2025-05-21 20:49:40,323: WARNING: module_wrapper: From f:\DATA SCIENCE\Projects\Kidney_Disease DL\venv\lib\site-packages\keras\src\layers\pooling\max_pooling2d.py:161: The name tf.nn.max_pool is deprecated. Please use tf.nn.max_pool2d instead.
]
[2025-05-21 20:49:41,198: WARNING: saving_utils: Compiled the loaded model, but the compiled metrics have yet to be built. `model.compile_metrics` will be empty until you train or evaluate the model.]
[2025-05-21 20:49:43,544: INFO: main: >>>>>>>> stage Prepare base model completed <<<<<<<

x==========================x]
[2025-05-21 20:49:43,544: INFO: main: **********************]
[2025-05-21 20:49:43,545: INFO: main: >>>>>>>> stage Training started <<<<<<<]
[2025-05-21 20:49:43,569: INFO: common: yaml file: config\config.yaml loaded successfully]
[2025-05-21 20:49:43,573: INFO: common: yaml file: params.yaml loaded successfully]
[2025-05-21 20:49:43,575: INFO: common: created directory at: artifacts]
[2025-05-21 20:49:43,575: INFO: common: created directory at: artifacts\training]
[2025-05-21 20:49:48,149: WARNING: module_wrapper: From f:\DATA SCIENCE\Projects\Kidney_Disease DL\venv\lib\site-packages\keras\src\utils\tf_utils.py:492: The name tf.ragged.RaggedTensorValue is deprecated. Please use tf.compat.v1.ragged.RaggedTensorValue instead.
]
[2025-05-21 23:06:05,440: INFO: main: >>>>>>>> stage Training completed <<<<<<<

x==========================x]
[2025-05-22 21:23:55,136: INFO: common: yaml file: config\config.yaml loaded successfully]
[2025-05-22 21:23:55,157: INFO: common: yaml file: params.yaml loaded successfully]
[2025-05-22 21:23:55,161: INFO: common: created directory at: artifacts]
[2025-05-22 21:24:45,776: INFO: common: yaml file: config\config.yaml loaded successfully]
[2025-05-22 21:24:45,779: INFO: common: yaml file: params.yaml loaded successfully]
[2025-05-22 21:24:45,780: INFO: common: created directory at: artifacts]
[2025-05-22 21:24:47,526: WARNING: module_wrapper: From f:\DATA SCIENCE\Projects\Kidney_Disease DL\venv\lib\site-packages\keras\src\utils\tf_utils.py:492: The name tf.ragged.RaggedTensorValue is deprecated. Please use tf.compat.v1.ragged.RaggedTensorValue instead.
]
[2025-05-22 21:26:57,824: INFO: common: yaml file: config\config.yaml loaded successfully]
[2025-05-22 21:26:57,830: INFO: common: yaml file: params.yaml loaded successfully]
[2025-05-22 21:26:57,838: INFO: common: created directory at: artifacts]
[2025-05-22 21:29:59,393: INFO: common: Json file saved at scores.json]
[2025-05-22 21:38:31,271: INFO: common: yaml file: config\config.yaml loaded successfully]
[2025-05-22 21:38:31,288: INFO: common: yaml file: params.yaml loaded successfully]
[2025-05-22 21:38:31,294: INFO: common: created directory at: artifacts]
[2025-05-22 21:41:26,657: INFO: common: Json file saved at scores.json]
[2025-05-22 21:41:26,705: INFO: tokens: Removed expired tokens from the token cache]
[2025-05-22 21:41:46,667: INFO: _client: HTTP Request: POST https://dagshub.com/login/oauth/middleman "HTTP/1.1 200 OK"]
[2025-05-22 21:41:47,029: INFO: _client: HTTP Request: POST https://dagshub.com/login/oauth/access_token "HTTP/1.1 200 OK"]
[2025-05-22 21:41:47,379: INFO: _client: HTTP Request: GET https://dagshub.com/api/v1/user "HTTP/1.1 200 OK"]
[2025-05-22 21:41:47,387: INFO: helpers: Accessing as Adroit10]
[2025-05-22 21:41:47,754: INFO: _client: HTTP Request: GET https://dagshub.com/api/v1/repos/Adroit10/Kidney_Disease_DL "HTTP/1.1 200 OK"]
[2025-05-22 21:41:48,105: INFO: _client: HTTP Request: GET https://dagshub.com/api/v1/user "HTTP/1.1 200 OK"]
[2025-05-22 21:41:48,110: INFO: helpers: Initialized MLflow to track repo "Adroit10/Kidney_Disease_DL"]
[2025-05-22 21:41:48,112: INFO: helpers: Repository Adroit10/Kidney_Disease_DL initialized!]
[2025-05-22 21:43:48,166: INFO: common: yaml file: config\config.yaml loaded successfully]
[2025-05-22 21:43:48,179: INFO: common: yaml file: params.yaml loaded successfully]
[2025-05-22 21:43:48,183: INFO: common: created directory at: artifacts]
[2025-05-22 21:46:29,126: INFO: common: Json file saved at scores.json]
[2025-05-22 21:46:29,599: INFO: _client: HTTP Request: GET https://dagshub.com/api/v1/repos/Adroit10/Kidney_Disease_DL "HTTP/1.1 200 OK"]
[2025-05-22 21:46:29,632: INFO: helpers: Initialized MLflow to track repo "Adroit10/Kidney_Disease_DL"]
[2025-05-22 21:46:29,633: INFO: helpers: Repository Adroit10/Kidney_Disease_DL initialized!]
[2025-05-22 21:46:34,250: INFO: builder_impl: Assets written to: C:\Users\HP\AppData\Local\Temp\tmpkkepnblj\model\data\model\assets]
[2025-05-22 22:08:08,119: WARNING: module_wrapper: From f:\DATA SCIENCE\Projects\Kidney_Disease DL\venv\lib\site-packages\keras\src\losses.py:2976: The name tf.losses.sparse_softmax_cross_entropy is deprecated. Please use tf.compat.v1.losses.sparse_softmax_cross_entropy instead.
]
[2025-05-22 22:08:12,070: INFO: main: >>>>>>>> stage Data Ingestion stage started <<<<<<<]
[2025-05-22 22:08:12,073: INFO: common: yaml file: config\config.yaml loaded successfully]
[2025-05-22 22:08:12,076: INFO: common: yaml file: params.yaml loaded successfully]
[2025-05-22 22:08:12,077: INFO: common: created directory at: artifacts]
[2025-05-22 22:08:12,079: INFO: common: created directory at: artifacts/data_ingestion]
[2025-05-22 22:08:12,079: INFO: data_ingestion: Downloading data from https://drive.google.com/file/d/1dQiaTXfPO7N80xj5qEIFM6JSYEG6YSOD/view?usp=sharing\ into file artifacts/data_ingestion/data.zip]
[2025-05-22 22:09:38,532: INFO: data_ingestion: Downloaded data from https://drive.google.com/file/d/1dQiaTXfPO7N80xj5qEIFM6JSYEG6YSOD/view?usp=sharing\ into file artifacts/data_ingestion/data.zip]
[2025-05-22 22:09:38,532: INFO: data_ingestion: Extracting zip files to artifacts/data_ingestion]
[2025-05-22 22:09:56,699: INFO: data_ingestion: Extracted all the files to artifacts/data_ingestion]
[2025-05-22 22:09:56,705: INFO: main: >>>>>>>> stage Data Ingestion stage completed <<<<<<<

x================x]
[2025-05-22 22:09:56,705: INFO: main: >>>>>>>> stage Prepare base model started <<<<<<<]
[2025-05-22 22:09:56,711: INFO: common: yaml file: config\config.yaml loaded successfully]
[2025-05-22 22:09:56,714: INFO: common: yaml file: params.yaml loaded successfully]
[2025-05-22 22:09:56,716: INFO: common: created directory at: artifacts]
[2025-05-22 22:09:57,668: WARNING: module_wrapper: From f:\DATA SCIENCE\Projects\Kidney_Disease DL\venv\lib\site-packages\keras\src\backend.py:1398: The name tf.executing_eagerly_outside_functions is deprecated. Please use tf.compat.v1.executing_eagerly_outside_functions instead.
]
[2025-05-22 22:09:57,906: WARNING: module_wrapper: From f:\DATA SCIENCE\Projects\Kidney_Disease DL\venv\lib\site-packages\keras\src\layers\pooling\max_pooling2d.py:161: The name tf.nn.max_pool is deprecated. Please use tf.nn.max_pool2d instead.
]
[2025-05-22 22:09:58,639: WARNING: saving_utils: Compiled the loaded model, but the compiled metrics have yet to be built. `model.compile_metrics` will be empty until you train or evaluate the model.]
[2025-05-22 22:10:00,041: INFO: main: >>>>>>>> stage Prepare base model completed <<<<<<<

x==========================x]
[2025-05-22 22:10:00,042: INFO: main: **********************]
[2025-05-22 22:10:00,042: INFO: main: >>>>>>>> stage Training started <<<<<<<]
[2025-05-22 22:10:00,043: INFO: common: yaml file: config\config.yaml loaded successfully]
[2025-05-22 22:10:00,045: INFO: common: yaml file: params.yaml loaded successfully]
[2025-05-22 22:10:00,045: INFO: common: created directory at: artifacts]
[2025-05-22 22:10:00,063: INFO: common: created directory at: artifacts\training]
[2025-05-22 22:10:02,589: WARNING: module_wrapper: From f:\DATA SCIENCE\Projects\Kidney_Disease DL\venv\lib\site-packages\keras\src\utils\tf_utils.py:492: The name tf.ragged.RaggedTensorValue is deprecated. Please use tf.compat.v1.ragged.RaggedTensorValue instead.
]
[2025-05-23 22:28:01,655: INFO: main: >>>>>>>> stage Training completed <<<<<<<

x==========================x]
[2025-05-23 22:28:01,660: INFO: main: **********************]
[2025-05-23 22:28:01,660: INFO: main: >>>>>>>> stage Evaluation stage started <<<<<<<]
[2025-05-23 22:28:01,693: INFO: common: yaml file: config\config.yaml loaded successfully]
[2025-05-23 22:28:01,715: INFO: common: yaml file: params.yaml loaded successfully]
[2025-05-23 22:28:01,720: INFO: common: created directory at: artifacts]
[2025-05-23 22:30:32,908: INFO: common: Json file saved at scores.json]
[2025-05-23 22:30:33,565: INFO: _client: HTTP Request: GET https://dagshub.com/api/v1/user "HTTP/1.1 200 OK"]
[2025-05-23 22:30:33,595: INFO: helpers: Accessing as Adroit10]
[2025-05-23 22:30:33,997: INFO: _client: HTTP Request: GET https://dagshub.com/api/v1/repos/Adroit10/Kidney_Disease_DL "HTTP/1.1 200 OK"]
[2025-05-23 22:30:34,353: INFO: _client: HTTP Request: GET https://dagshub.com/api/v1/user "HTTP/1.1 200 OK"]
[2025-05-23 22:30:34,409: INFO: helpers: Initialized MLflow to track repo "Adroit10/Kidney_Disease_DL"]
[2025-05-23 22:30:34,410: INFO: helpers: Repository Adroit10/Kidney_Disease_DL initialized!]
[2025-05-23 22:30:39,893: INFO: builder_impl: Assets written to: C:\Users\HP\AppData\Local\Temp\tmpgatfg9h5\model\data\model\assets]
[2025-05-23 22:31:30,602: INFO: main: >>>>>>>> stage Evaluation stage completed <<<<<<<

x==========================x]
